ARM GAS  /tmp/ccT4aDTS.s 			page 1


   1              		.cpu cortex-m4
   2              		.eabi_attribute 27, 1
   3              		.eabi_attribute 28, 1
   4              		.eabi_attribute 20, 1
   5              		.eabi_attribute 21, 1
   6              		.eabi_attribute 23, 3
   7              		.eabi_attribute 24, 1
   8              		.eabi_attribute 25, 1
   9              		.eabi_attribute 26, 1
  10              		.eabi_attribute 30, 1
  11              		.eabi_attribute 34, 1
  12              		.eabi_attribute 18, 4
  13              		.file	"main.c"
  14              		.text
  15              		.section	.text.main,"ax",%progbits
  16              		.align	1
  17              		.global	main
  18              		.arch armv7e-m
  19              		.syntax unified
  20              		.thumb
  21              		.thumb_func
  22              		.fpu fpv4-sp-d16
  24              	main:
  25              		@ Volatile: function does not return.
  26              		@ args = 0, pretend = 0, frame = 0
  27              		@ frame_needed = 0, uses_anonymous_args = 0
  28              		@ link register save eliminated.
  29 0000 074A     		ldr	r2, .L3
  30 0002 136B     		ldr	r3, [r2, #48]
  31 0004 43F00803 		orr	r3, r3, #8
  32 0008 1363     		str	r3, [r2, #48]
  33 000a 064B     		ldr	r3, .L3+4
  34 000c 1A68     		ldr	r2, [r3]
  35 000e 42F0AA42 		orr	r2, r2, #1426063360
  36 0012 1A60     		str	r2, [r3]
  37 0014 5A69     		ldr	r2, [r3, #20]
  38 0016 42F47042 		orr	r2, r2, #61440
  39 001a 5A61     		str	r2, [r3, #20]
  40              	.L2:
  41 001c FEE7     		b	.L2
  42              	.L4:
  43 001e 00BF     		.align	2
  44              	.L3:
  45 0020 00380240 		.word	1073887232
  46 0024 000C0240 		.word	1073875968
  48              		.ident	"GCC: (15:9-2019-q4-0ubuntu1) 9.2.1 20191025 (release) [ARM/arm-9-branch revision 277599]"
ARM GAS  /tmp/ccT4aDTS.s 			page 2


DEFINED SYMBOLS
                            *ABS*:0000000000000000 main.c
     /tmp/ccT4aDTS.s:16     .text.main:0000000000000000 $t
     /tmp/ccT4aDTS.s:24     .text.main:0000000000000000 main
     /tmp/ccT4aDTS.s:45     .text.main:0000000000000020 $d

NO UNDEFINED SYMBOLS
