ARM GAS  /tmp/ccFnyA2G.s 			page 1


   1              		.cpu cortex-m4
   2              		.eabi_attribute 27, 1
   3              		.eabi_attribute 28, 1
   4              		.eabi_attribute 20, 1
   5              		.eabi_attribute 21, 1
   6              		.eabi_attribute 23, 3
   7              		.eabi_attribute 24, 1
   8              		.eabi_attribute 25, 1
   9              		.eabi_attribute 26, 1
  10              		.eabi_attribute 30, 1
  11              		.eabi_attribute 34, 1
  12              		.eabi_attribute 18, 4
  13              		.file	"stmbf407.c"
  14              		.text
  15              	.Ltext0:
  16              		.cfi_sections	.debug_frame
  17              		.section	.text.stmbf407_wait,"ax",%progbits
  18              		.align	1
  19              		.global	stmbf407_wait
  20              		.arch armv7e-m
  21              		.syntax unified
  22              		.thumb
  23              		.thumb_func
  24              		.fpu fpv4-sp-d16
  26              	stmbf407_wait:
  27              	.LVL0:
  28              	.LFB0:
  29              		.file 1 "src/stmbf407.c"
   1:src/stmbf407.c **** #include "stmbf407.h"
   2:src/stmbf407.c **** 
   3:src/stmbf407.c **** 
   4:src/stmbf407.c **** //Waiting during time secondds (warning, it's in fonction of the clock, you need to adapt it !!)
   5:src/stmbf407.c **** void stmbf407_wait(uint32_t time){
  30              		.loc 1 5 34 view -0
  31              		.cfi_startproc
  32              		@ args = 0, pretend = 0, frame = 0
  33              		@ frame_needed = 0, uses_anonymous_args = 0
  34              		@ link register save eliminated.
   6:src/stmbf407.c ****     int i ; 
  35              		.loc 1 6 5 view .LVU1
   7:src/stmbf407.c ****     for (i=0;i<time*1000000;i++) 
  36              		.loc 1 7 5 view .LVU2
  37              		.loc 1 7 11 is_stmt 0 view .LVU3
  38 0000 0022     		movs	r2, #0
  39              	.LVL1:
  40              	.L2:
  41              		.loc 1 7 14 is_stmt 1 discriminator 1 view .LVU4
  42              		.loc 1 7 20 is_stmt 0 discriminator 1 view .LVU5
  43 0002 044B     		ldr	r3, .L5
  44 0004 03FB00F3 		mul	r3, r3, r0
  45              		.loc 1 7 5 discriminator 1 view .LVU6
  46 0008 9342     		cmp	r3, r2
  47 000a 02D9     		bls	.L4
   8:src/stmbf407.c ****     asm("NOP") ; 
  48              		.loc 1 8 5 is_stmt 1 discriminator 3 view .LVU7
  49              		.syntax unified
  50              	@ 8 "src/stmbf407.c" 1
ARM GAS  /tmp/ccFnyA2G.s 			page 2


  51 000c 00BF     		NOP
  52              	@ 0 "" 2
   7:src/stmbf407.c ****     for (i=0;i<time*1000000;i++) 
  53              		.loc 1 7 29 discriminator 3 view .LVU8
   7:src/stmbf407.c ****     for (i=0;i<time*1000000;i++) 
  54              		.loc 1 7 30 is_stmt 0 discriminator 3 view .LVU9
  55              		.thumb
  56              		.syntax unified
  57 000e 0132     		adds	r2, r2, #1
  58              	.LVL2:
   7:src/stmbf407.c ****     for (i=0;i<time*1000000;i++) 
  59              		.loc 1 7 30 discriminator 3 view .LVU10
  60 0010 F7E7     		b	.L2
  61              	.L4:
   9:src/stmbf407.c **** }
  62              		.loc 1 9 1 view .LVU11
  63 0012 7047     		bx	lr
  64              	.L6:
  65              		.align	2
  66              	.L5:
  67 0014 40420F00 		.word	1000000
  68              		.cfi_endproc
  69              	.LFE0:
  71              		.text
  72              	.Letext0:
  73              		.file 2 "/usr/lib/gcc/arm-none-eabi/9.2.1/include/stdint.h"
ARM GAS  /tmp/ccFnyA2G.s 			page 3


DEFINED SYMBOLS
                            *ABS*:0000000000000000 stmbf407.c
     /tmp/ccFnyA2G.s:18     .text.stmbf407_wait:0000000000000000 $t
     /tmp/ccFnyA2G.s:26     .text.stmbf407_wait:0000000000000000 stmbf407_wait
     /tmp/ccFnyA2G.s:67     .text.stmbf407_wait:0000000000000014 $d

NO UNDEFINED SYMBOLS
